<?xml version="1.0" encoding="UTF-8" ?>
<testsuite tests="32" failures="0" name="com.gmail.jarmusik.kamil.dicegame2.game.engine.IsLostTurnTest" time="0.002" errors="0" skipped="0">
  <properties>
[...]
</properties>
  <testcase classname="com.gmail.jarmusik.kamil.dicegame2.game.engine.IsLostTurnTest" name="testIsLostTurn[0: isLostTurn(1,12)=true]" time="0"/>
  <testcase classname="com.gmail.jarmusik.kamil.dicegame2.game.engine.IsLostTurnTest" name="testIsLostTurn[1: isLostTurn(2,12)=false]" time="0"/>
  <testcase classname="com.gmail.jarmusik.kamil.dicegame2.game.engine.IsLostTurnTest" name="testIsLostTurn[2: isLostTurn(3,12)=false]" time="0"/>
  <testcase classname="com.gmail.jarmusik.kamil.dicegame2.game.engine.IsLostTurnTest" name="testIsLostTurn[3: isLostTurn(4,12)=false]" time="0"/>
  <testcase classname="com.gmail.jarmusik.kamil.dicegame2.game.engine.IsLostTurnTest" name="testIsLostTurn[4: isLostTurn(5,12)=false]" time="0"/>
  <testcase classname="com.gmail.jarmusik.kamil.dicegame2.game.engine.IsLostTurnTest" name="testIsLostTurn[5: isLostTurn(6,12)=false]" time="0"/>
  <testcase classname="com.gmail.jarmusik.kamil.dicegame2.game.engine.IsLostTurnTest" name="testIsLostTurn[6: isLostTurn(7,12)=false]" time="0"/>
  <testcase classname="com.gmail.jarmusik.kamil.dicegame2.game.engine.IsLostTurnTest" name="testIsLostTurn[7: isLostTurn(8,12)=false]" time="0"/>
  <testcase classname="com.gmail.jarmusik.kamil.dicegame2.game.engine.IsLostTurnTest" name="testIsLostTurn[8: isLostTurn(9,12)=false]" time="0"/>
  <testcase classname="com.gmail.jarmusik.kamil.dicegame2.game.engine.IsLostTurnTest" name="testIsLostTurn[9: isLostTurn(10,12)=false]" time="0"/>
  <testcase classname="com.gmail.jarmusik.kamil.dicegame2.game.engine.IsLostTurnTest" name="testIsLostTurn[10: isLostTurn(1,2)=true]" time="0"/>
  <testcase classname="com.gmail.jarmusik.kamil.dicegame2.game.engine.IsLostTurnTest" name="testIsLostTurn[11: isLostTurn(2,2)=false]" time="0"/>
  <testcase classname="com.gmail.jarmusik.kamil.dicegame2.game.engine.IsLostTurnTest" name="testIsLostTurn[12: isLostTurn(3,2)=false]" time="0"/>
  <testcase classname="com.gmail.jarmusik.kamil.dicegame2.game.engine.IsLostTurnTest" name="testIsLostTurn[13: isLostTurn(4,2)=false]" time="0"/>
  <testcase classname="com.gmail.jarmusik.kamil.dicegame2.game.engine.IsLostTurnTest" name="testIsLostTurn[14: isLostTurn(5,2)=false]" time="0"/>
  <testcase classname="com.gmail.jarmusik.kamil.dicegame2.game.engine.IsLostTurnTest" name="testIsLostTurn[15: isLostTurn(6,2)=false]" time="0"/>
  <testcase classname="com.gmail.jarmusik.kamil.dicegame2.game.engine.IsLostTurnTest" name="testIsLostTurn[16: isLostTurn(7,2)=false]" time="0"/>
  <testcase classname="com.gmail.jarmusik.kamil.dicegame2.game.engine.IsLostTurnTest" name="testIsLostTurn[17: isLostTurn(8,2)=false]" time="0"/>
  <testcase classname="com.gmail.jarmusik.kamil.dicegame2.game.engine.IsLostTurnTest" name="testIsLostTurn[18: isLostTurn(9,2)=false]" time="0"/>
  <testcase classname="com.gmail.jarmusik.kamil.dicegame2.game.engine.IsLostTurnTest" name="testIsLostTurn[19: isLostTurn(10,2)=false]" time="0"/>
  <testcase classname="com.gmail.jarmusik.kamil.dicegame2.game.engine.IsLostTurnTest" name="testIsLostTurn[20: isLostTurn(1,1)=false]" time="0"/>
  <testcase classname="com.gmail.jarmusik.kamil.dicegame2.game.engine.IsLostTurnTest" name="testIsLostTurn[21: isLostTurn(2,2)=false]" time="0"/>
  <testcase classname="com.gmail.jarmusik.kamil.dicegame2.game.engine.IsLostTurnTest" name="testIsLostTurn[22: isLostTurn(3,3)=false]" time="0"/>
  <testcase classname="com.gmail.jarmusik.kamil.dicegame2.game.engine.IsLostTurnTest" name="testIsLostTurn[23: isLostTurn(4,4)=false]" time="0"/>
  <testcase classname="com.gmail.jarmusik.kamil.dicegame2.game.engine.IsLostTurnTest" name="testIsLostTurn[24: isLostTurn(5,5)=false]" time="0"/>
  <testcase classname="com.gmail.jarmusik.kamil.dicegame2.game.engine.IsLostTurnTest" name="testIsLostTurn[25: isLostTurn(6,6)=false]" time="0.001"/>
  <testcase classname="com.gmail.jarmusik.kamil.dicegame2.game.engine.IsLostTurnTest" name="testIsLostTurn[26: isLostTurn(7,7)=false]" time="0"/>
  <testcase classname="com.gmail.jarmusik.kamil.dicegame2.game.engine.IsLostTurnTest" name="testIsLostTurn[27: isLostTurn(8,8)=false]" time="0.001"/>
  <testcase classname="com.gmail.jarmusik.kamil.dicegame2.game.engine.IsLostTurnTest" name="testIsLostTurn[28: isLostTurn(9,9)=false]" time="0"/>
  <testcase classname="com.gmail.jarmusik.kamil.dicegame2.game.engine.IsLostTurnTest" name="testIsLostTurn[29: isLostTurn(10,10)=false]" time="0"/>
  <testcase classname="com.gmail.jarmusik.kamil.dicegame2.game.engine.IsLostTurnTest" name="testIsLostTurn[30: isLostTurn(9,11)=false]" time="0"/>
  <testcase classname="com.gmail.jarmusik.kamil.dicegame2.game.engine.IsLostTurnTest" name="testIsLostTurn[31: isLostTurn(10,12)=false]" time="0"/>
</testsuite>